{"/Users/david/dev/TreeTangler/lib/treetools/index.js":{"path":"/Users/david/dev/TreeTangler/lib/treetools/index.js","s":{"1":1,"2":1,"3":1,"4":1},"b":{},"f":{"1":0},"fnMap":{"1":{"name":"(anonymous_1)","line":1,"loc":{"start":{"line":1,"column":15},"end":{"line":1,"column":26}}}},"statementMap":{"1":{"start":{"line":1,"column":0},"end":{"line":1,"column":29}},"2":{"start":{"line":2,"column":0},"end":{"line":2,"column":30}},"3":{"start":{"line":3,"column":0},"end":{"line":3,"column":47}},"4":{"start":{"line":4,"column":0},"end":{"line":4,"column":41}}},"branchMap":{}},"/Users/david/dev/TreeTangler/lib/treetools/src/writeNewick.js":{"path":"/Users/david/dev/TreeTangler/lib/treetools/src/writeNewick.js","s":{"1":1,"2":1,"3":7,"4":7,"5":3,"6":3,"7":6,"8":6,"9":6,"10":3,"11":3,"12":1,"13":1,"14":1,"15":1},"b":{"1":[3,4],"2":[3,3]},"f":{"1":1,"2":7},"fnMap":{"1":{"name":"(anonymous_1)","line":1,"loc":{"start":{"line":1,"column":17},"end":{"line":1,"column":30}}},"2":{"name":"(anonymous_2)","line":2,"loc":{"start":{"line":2,"column":20},"end":{"line":3,"column":4}}}},"statementMap":{"1":{"start":{"line":1,"column":0},"end":{"line":26,"column":2}},"2":{"start":{"line":2,"column":4},"end":{"line":20,"column":6}},"3":{"start":{"line":4,"column":8},"end":{"line":4,"column":53}},"4":{"start":{"line":6,"column":8},"end":{"line":19,"column":9}},"5":{"start":{"line":8,"column":12},"end":{"line":8,"column":31}},"6":{"start":{"line":9,"column":12},"end":{"line":17,"column":13}},"7":{"start":{"line":11,"column":16},"end":{"line":11,"column":47}},"8":{"start":{"line":12,"column":16},"end":{"line":12,"column":41}},"9":{"start":{"line":13,"column":16},"end":{"line":16,"column":17}},"10":{"start":{"line":15,"column":20},"end":{"line":15,"column":39}},"11":{"start":{"line":18,"column":12},"end":{"line":18,"column":31}},"12":{"start":{"line":22,"column":4},"end":{"line":22,"column":23}},"13":{"start":{"line":23,"column":4},"end":{"line":23,"column":29}},"14":{"start":{"line":24,"column":4},"end":{"line":24,"column":42}},"15":{"start":{"line":25,"column":4},"end":{"line":25,"column":18}}},"branchMap":{"1":{"line":6,"type":"if","locations":[{"start":{"line":6,"column":8},"end":{"line":6,"column":8}},{"start":{"line":6,"column":8},"end":{"line":6,"column":8}}]},"2":{"line":13,"type":"if","locations":[{"start":{"line":13,"column":16},"end":{"line":13,"column":16}},{"start":{"line":13,"column":16},"end":{"line":13,"column":16}}]}}}}