TN:
SF:/Users/david/dev/TreeTangler/lib/treetools/index.js
FN:1,(anonymous_1)
FNF:1
FNH:0
FNDA:0,(anonymous_1)
DA:1,1
DA:2,1
DA:3,1
DA:4,1
LF:4
LH:4
BRF:0
BRH:0
end_of_record
TN:
SF:/Users/david/dev/TreeTangler/lib/treetools/src/writeNewick.js
FN:1,(anonymous_1)
FN:2,(anonymous_2)
FNF:2
FNH:2
FNDA:1,(anonymous_1)
FNDA:7,(anonymous_2)
DA:1,1
DA:2,1
DA:4,7
DA:6,7
DA:8,3
DA:9,3
DA:11,6
DA:12,6
DA:13,6
DA:15,3
DA:18,3
DA:22,1
DA:23,1
DA:24,1
DA:25,1
LF:15
LH:15
BRDA:6,1,0,3
BRDA:6,1,1,4
BRDA:13,2,0,3
BRDA:13,2,1,3
BRF:4
BRH:4
end_of_record
